  [4;36;1mSQL (0.4ms)[0m   [0;1m SELECT name
 FROM sqlite_master
 WHERE type = 'table' AND NOT name = 'sqlite_sequence'
[0m
  [4;35;1mSQL (0.2ms)[0m   [0mselect sqlite_version(*)[0m
  [4;36;1mSQL (78.0ms)[0m   [0;1mCREATE TABLE "schema_migrations" ("version" varchar(255) NOT NULL) [0m
  [4;35;1mSQL (0.1ms)[0m   [0mPRAGMA index_list("schema_migrations")[0m
  [4;36;1mSQL (84.1ms)[0m   [0;1mCREATE UNIQUE INDEX "unique_schema_migrations" ON "schema_migrations" ("version")[0m
  [4;35;1mSQL (0.3ms)[0m   [0m SELECT name
 FROM sqlite_master
 WHERE type = 'table' AND NOT name = 'sqlite_sequence'
[0m
  [4;36;1mSQL (0.1ms)[0m   [0;1mSELECT version FROM schema_migrations[0m
Migrating to CreateUsers (20100723093830)
  [4;35;1mSQL (0.6ms)[0m   [0mCREATE TABLE "users" ("id" INTEGER PRIMARY KEY AUTOINCREMENT NOT NULL, "name" varchar(255), "email" varchar(255), "created_at" datetime, "updated_at" datetime) [0m
  [4;36;1mSQL (0.2ms)[0m   [0;1mINSERT INTO schema_migrations (version) VALUES ('20100723093830')[0m
  [4;35;1mSQL (0.3ms)[0m   [0m SELECT name
 FROM sqlite_master
 WHERE type = 'table' AND NOT name = 'sqlite_sequence'
[0m
  [4;36;1mSQL (0.2ms)[0m   [0;1mSELECT version FROM schema_migrations[0m
  [4;35;1mSQL (0.2ms)[0m   [0m SELECT name
 FROM sqlite_master
 WHERE type = 'table' AND NOT name = 'sqlite_sequence'
[0m
  [4;36;1mSQL (0.1ms)[0m   [0;1mPRAGMA index_list("users")[0m


Processing Rails::InfoController#properties (for 127.0.0.1 at 2010-07-23 16:39:11) [GET]
  [4;36;1mSQL (0.7ms)[0m   [0;1m SELECT name
 FROM sqlite_master
 WHERE type = 'table' AND NOT name = 'sqlite_sequence'
[0m
  [4;35;1mSQL (0.2ms)[0m   [0mSELECT version FROM schema_migrations[0m
Completed in 95ms (View: 6, DB: 1) | 200 OK [http://localhost/rails/info/properties]


Processing UsersController#index (for 127.0.0.1 at 2010-07-23 16:39:15) [GET]
  [4;36;1mUser Load (0.4ms)[0m   [0;1mSELECT * FROM "users" [0m
Rendering template within layouts/users
Rendering users/index
Completed in 32ms (View: 23, DB: 0) | 200 OK [http://localhost/users]


Processing UsersController#new (for 127.0.0.1 at 2010-07-23 16:39:17) [GET]
Rendering template within layouts/users
Rendering users/new
Completed in 32ms (View: 21, DB: 0) | 200 OK [http://localhost/users/new]


Processing UsersController#show (for 127.0.0.1 at 2010-07-23 16:40:29) [GET]
  Parameters: {"id"=>"1"}
  [4;35;1mUser Load (0.7ms)[0m   [0mSELECT * FROM "users" WHERE ("users"."id" = 1) [0m

ActiveRecord::RecordNotFound (Couldn't find User with ID=1):
  app/controllers/users_controller.rb:16:in `show'
  /usr/lib/ruby/1.8/webrick/httpserver.rb:104:in `service'
  /usr/lib/ruby/1.8/webrick/httpserver.rb:65:in `run'
  /usr/lib/ruby/1.8/webrick/server.rb:173:in `start_thread'
  /usr/lib/ruby/1.8/webrick/server.rb:162:in `start'
  /usr/lib/ruby/1.8/webrick/server.rb:162:in `start_thread'
  /usr/lib/ruby/1.8/webrick/server.rb:95:in `start'
  /usr/lib/ruby/1.8/webrick/server.rb:92:in `each'
  /usr/lib/ruby/1.8/webrick/server.rb:92:in `start'
  /usr/lib/ruby/1.8/webrick/server.rb:23:in `start'
  /usr/lib/ruby/1.8/webrick/server.rb:82:in `start'

Rendered rescues/_trace (69.1ms)
Rendered rescues/_request_and_response (2.4ms)
Rendering rescues/layout (not_found)


Processing UsersController#create (for 127.0.0.1 at 2010-07-23 16:40:42) [POST]
  Parameters: {"commit"=>"Create", "authenticity_token"=>"VLc1cDEzKmso9+nB8lJLrPy060Xw9NjRrYgXs/Mlqok=", "user"=>{"name"=>"julius", "email"=>"julius@vi8e.com"}}
  [4;36;1mUser Create (0.5ms)[0m   [0;1mINSERT INTO "users" ("name", "created_at", "updated_at", "email") VALUES('julius', '2010-07-23 09:40:42', '2010-07-23 09:40:42', 'julius@vi8e.com')[0m
Redirected to http://localhost:3000/users/1
Completed in 123ms (DB: 0) | 302 Found [http://localhost/users]


Processing UsersController#show (for 127.0.0.1 at 2010-07-23 16:40:42) [GET]
  Parameters: {"id"=>"1"}
  [4;35;1mUser Load (0.4ms)[0m   [0mSELECT * FROM "users" WHERE ("users"."id" = 1) [0m
Rendering template within layouts/users
Rendering users/show
Completed in 25ms (View: 11, DB: 0) | 200 OK [http://localhost/users/1]


Processing UsersController#show (for 127.0.0.1 at 2010-07-23 16:40:45) [GET]
  Parameters: {"id"=>"1"}
  [4;36;1mUser Load (1.3ms)[0m   [0;1mSELECT * FROM "users" WHERE ("users"."id" = 1) [0m
Rendering template within layouts/users
Rendering users/show
Completed in 39ms (View: 11, DB: 1) | 200 OK [http://localhost/users/1]


Processing UsersController#edit (for 127.0.0.1 at 2010-07-23 16:40:52) [GET]
  Parameters: {"id"=>"1"}
  [4;35;1mUser Load (0.5ms)[0m   [0mSELECT * FROM "users" WHERE ("users"."id" = 1) [0m
Rendering template within layouts/users
Rendering users/edit
Completed in 34ms (View: 21, DB: 0) | 200 OK [http://localhost/users/1/edit]


Processing ApplicationController#index (for 127.0.0.1 at 2010-07-23 16:53:32) [GET]

NameError (uninitialized constant KentangController):
  /usr/lib/ruby/1.8/webrick/httpserver.rb:104:in `service'
  /usr/lib/ruby/1.8/webrick/httpserver.rb:65:in `run'
  /usr/lib/ruby/1.8/webrick/server.rb:173:in `start_thread'
  /usr/lib/ruby/1.8/webrick/server.rb:162:in `start'
  /usr/lib/ruby/1.8/webrick/server.rb:162:in `start_thread'
  /usr/lib/ruby/1.8/webrick/server.rb:95:in `start'
  /usr/lib/ruby/1.8/webrick/server.rb:92:in `each'
  /usr/lib/ruby/1.8/webrick/server.rb:92:in `start'
  /usr/lib/ruby/1.8/webrick/server.rb:23:in `start'
  /usr/lib/ruby/1.8/webrick/server.rb:82:in `start'

Rendered rescues/_trace (43.2ms)
Rendered rescues/_request_and_response (0.4ms)
Rendering rescues/layout (internal_server_error)


Processing ApplicationController#index (for 127.0.0.1 at 2010-07-23 16:53:44) [GET]

ActionController::RoutingError (No route matches "/kentang" with {:method=>:get}):
  /usr/lib/ruby/1.8/webrick/httpserver.rb:104:in `service'
  /usr/lib/ruby/1.8/webrick/httpserver.rb:65:in `run'
  /usr/lib/ruby/1.8/webrick/server.rb:173:in `start_thread'
  /usr/lib/ruby/1.8/webrick/server.rb:162:in `start'
  /usr/lib/ruby/1.8/webrick/server.rb:162:in `start_thread'
  /usr/lib/ruby/1.8/webrick/server.rb:95:in `start'
  /usr/lib/ruby/1.8/webrick/server.rb:92:in `each'
  /usr/lib/ruby/1.8/webrick/server.rb:92:in `start'
  /usr/lib/ruby/1.8/webrick/server.rb:23:in `start'
  /usr/lib/ruby/1.8/webrick/server.rb:82:in `start'

Rendering rescues/layout (not_found)
  [4;36;1mSQL (2.9ms)[0m   [0;1m SELECT name
 FROM sqlite_master
 WHERE type = 'table' AND NOT name = 'sqlite_sequence'
[0m
  [4;35;1mSQL (0.3ms)[0m   [0mSELECT version FROM schema_migrations[0m
Migrating to CreateUsers (20100723093830)
Migrating to CreateMicroposts (20100723100214)
  [4;36;1mSQL (0.2ms)[0m   [0;1mselect sqlite_version(*)[0m
  [4;35;1mSQL (1.1ms)[0m   [0mCREATE TABLE "microposts" ("id" INTEGER PRIMARY KEY AUTOINCREMENT NOT NULL, "content" varchar(255), "user_id" integer, "created_at" datetime, "updated_at" datetime) [0m
  [4;36;1mSQL (0.3ms)[0m   [0;1mINSERT INTO schema_migrations (version) VALUES ('20100723100214')[0m
  [4;35;1mSQL (0.6ms)[0m   [0m SELECT name
 FROM sqlite_master
 WHERE type = 'table' AND NOT name = 'sqlite_sequence'
[0m
  [4;36;1mSQL (0.4ms)[0m   [0;1mSELECT version FROM schema_migrations[0m
  [4;35;1mSQL (0.5ms)[0m   [0m SELECT name
 FROM sqlite_master
 WHERE type = 'table' AND NOT name = 'sqlite_sequence'
[0m
  [4;36;1mSQL (0.1ms)[0m   [0;1mPRAGMA index_list("microposts")[0m
  [4;35;1mSQL (0.1ms)[0m   [0mPRAGMA index_list("users")[0m


Processing UsersController#index (for 127.0.0.1 at 2010-07-23 17:04:05) [GET]
  [4;36;1mUser Load (0.5ms)[0m   [0;1mSELECT * FROM "users" [0m
Rendering template within layouts/users
Rendering users/index
Completed in 18ms (View: 8, DB: 1) | 200 OK [http://localhost/users]


Processing UsersController#new (for 127.0.0.1 at 2010-07-23 17:04:07) [GET]
Rendering template within layouts/users
Rendering users/new
Completed in 26ms (View: 13, DB: 0) | 200 OK [http://localhost/users/new]


Processing UsersController#create (for 127.0.0.1 at 2010-07-23 17:04:15) [POST]
  Parameters: {"commit"=>"Create", "authenticity_token"=>"VLc1cDEzKmso9+nB8lJLrPy060Xw9NjRrYgXs/Mlqok=", "user"=>{"name"=>"Foo Bar", "email"=>"foo@bar.com"}}
  [4;35;1mUser Create (0.7ms)[0m   [0mINSERT INTO "users" ("name", "created_at", "updated_at", "email") VALUES('Foo Bar', '2010-07-23 10:04:15', '2010-07-23 10:04:15', 'foo@bar.com')[0m
Redirected to http://localhost:3000/users/2
Completed in 121ms (DB: 1) | 302 Found [http://localhost/users]


Processing UsersController#show (for 127.0.0.1 at 2010-07-23 17:04:15) [GET]
  Parameters: {"id"=>"2"}
  [4;36;1mUser Load (0.4ms)[0m   [0;1mSELECT * FROM "users" WHERE ("users"."id" = 2) [0m
Rendering template within layouts/users
Rendering users/show
Completed in 20ms (View: 8, DB: 0) | 200 OK [http://localhost/users/2]


Processing UsersController#index (for 127.0.0.1 at 2010-07-23 17:04:18) [GET]
  [4;35;1mUser Load (1.6ms)[0m   [0mSELECT * FROM "users" [0m
Rendering template within layouts/users
Rendering users/index
Completed in 35ms (View: 20, DB: 2) | 200 OK [http://localhost/users]


Processing MicropostsController#index (for 127.0.0.1 at 2010-07-23 17:04:25) [GET]
  [4;36;1mMicropost Load (0.6ms)[0m   [0;1mSELECT * FROM "microposts" [0m
Rendering template within layouts/microposts
Rendering microposts/index
Completed in 32ms (View: 20, DB: 1) | 200 OK [http://localhost/microposts]


Processing MicropostsController#new (for 127.0.0.1 at 2010-07-23 17:04:30) [GET]
Rendering template within layouts/microposts
Rendering microposts/new
Completed in 47ms (View: 28, DB: 0) | 200 OK [http://localhost/microposts/new]


Processing MicropostsController#create (for 127.0.0.1 at 2010-07-23 17:04:52) [POST]
  Parameters: {"commit"=>"Create", "micropost"=>{"user_id"=>"1", "content"=>"First micropost"}, "authenticity_token"=>"VLc1cDEzKmso9+nB8lJLrPy060Xw9NjRrYgXs/Mlqok="}
  [4;35;1mMicropost Create (17.5ms)[0m   [0mINSERT INTO "microposts" ("created_at", "updated_at", "user_id", "content") VALUES('2010-07-23 10:04:52', '2010-07-23 10:04:52', 1, 'First micropost')[0m
Redirected to http://localhost:3000/microposts/1
Completed in 117ms (DB: 17) | 302 Found [http://localhost/microposts]


Processing MicropostsController#show (for 127.0.0.1 at 2010-07-23 17:04:52) [GET]
  Parameters: {"id"=>"1"}
  [4;36;1mMicropost Load (0.6ms)[0m   [0;1mSELECT * FROM "microposts" WHERE ("microposts"."id" = 1) [0m
Rendering template within layouts/microposts
Rendering microposts/show
Completed in 96ms (View: 84, DB: 1) | 200 OK [http://localhost/microposts/1]


Processing MicropostsController#index (for 127.0.0.1 at 2010-07-23 17:04:55) [GET]
  [4;35;1mMicropost Load (0.8ms)[0m   [0mSELECT * FROM "microposts" [0m
Rendering template within layouts/microposts
Rendering microposts/index
Completed in 24ms (View: 12, DB: 1) | 200 OK [http://localhost/microposts]


Processing MicropostsController#new (for 127.0.0.1 at 2010-07-23 17:04:57) [GET]
Rendering template within layouts/microposts
Rendering microposts/new
Completed in 34ms (View: 16, DB: 0) | 200 OK [http://localhost/microposts/new]


Processing MicropostsController#create (for 127.0.0.1 at 2010-07-23 17:05:05) [POST]
  Parameters: {"commit"=>"Create", "micropost"=>{"user_id"=>"2", "content"=>"Second micropost"}, "authenticity_token"=>"VLc1cDEzKmso9+nB8lJLrPy060Xw9NjRrYgXs/Mlqok="}
  [4;36;1mMicropost Create (1.7ms)[0m   [0;1mINSERT INTO "microposts" ("created_at", "updated_at", "user_id", "content") VALUES('2010-07-23 10:05:05', '2010-07-23 10:05:05', 2, 'Second micropost')[0m
Redirected to http://localhost:3000/microposts/2
Completed in 106ms (DB: 2) | 302 Found [http://localhost/microposts]


Processing MicropostsController#show (for 127.0.0.1 at 2010-07-23 17:05:05) [GET]
  Parameters: {"id"=>"2"}
  [4;35;1mMicropost Load (0.6ms)[0m   [0mSELECT * FROM "microposts" WHERE ("microposts"."id" = 2) [0m
Rendering template within layouts/microposts
Rendering microposts/show
Completed in 18ms (View: 5, DB: 1) | 200 OK [http://localhost/microposts/2]


Processing MicropostsController#index (for 127.0.0.1 at 2010-07-23 17:05:07) [GET]
  [4;36;1mMicropost Load (0.7ms)[0m   [0;1mSELECT * FROM "microposts" [0m
Rendering template within layouts/microposts
Rendering microposts/index
Completed in 21ms (View: 12, DB: 1) | 200 OK [http://localhost/microposts]


Processing MicropostsController#new (for 127.0.0.1 at 2010-07-23 17:06:33) [GET]
Rendering template within layouts/microposts
Rendering microposts/new
Completed in 26ms (View: 13, DB: 0) | 200 OK [http://localhost/microposts/new]


Processing MicropostsController#create (for 127.0.0.1 at 2010-07-23 17:06:39) [POST]
  Parameters: {"commit"=>"Create", "micropost"=>{"user_id"=>"1", "content"=>"At this point, the code in Listing 2.8  may look rather mysterious—we’ll cover validations more thoroughly starting in Section 6.2—but its effects are readily apparent if we go to the new micropost page and enter more than 140 characters for the content of the post. As seen in Figure 2.14, Rails renders error messages indicating that the micropost’s content isAt this point, the code in Listing 2.8  may look rather mysterious—we’ll cover validations more thoroughly starting in Section 6.2—but its effects are readily apparent if we go to the new micropost page and enter more than 140 characters for the content of the post. As seen in Figure 2.14, Rails renders error messages indicating that the micropost’s content is"}, "authenticity_token"=>"VLc1cDEzKmso9+nB8lJLrPy060Xw9NjRrYgXs/Mlqok="}
Rendering template within layouts/microposts
Rendering microposts/new
Completed in 27ms (View: 16, DB: 0) | 200 OK [http://localhost/microposts]
  [4;36;1mUser Load (0.7ms)[0m   [0;1mSELECT * FROM "users" LIMIT 1[0m
  [4;35;1mMicropost Load (0.5ms)[0m   [0mSELECT * FROM "microposts" WHERE ("microposts".user_id = 1) [0m


Processing MicropostsController#create (for 127.0.0.1 at 2010-07-23 17:10:29) [POST]
  Parameters: {"commit"=>"Create", "micropost"=>{"user_id"=>"1", "content"=>"Posting kedua dari user 1"}, "authenticity_token"=>"VLc1cDEzKmso9+nB8lJLrPy060Xw9NjRrYgXs/Mlqok="}
  [4;35;1mMicropost Create (0.4ms)[0m   [0mINSERT INTO "microposts" ("created_at", "updated_at", "user_id", "content") VALUES('2010-07-23 10:10:29', '2010-07-23 10:10:29', 1, 'Posting kedua dari user 1')[0m
Redirected to http://localhost:3000/microposts/3
Completed in 103ms (DB: 0) | 302 Found [http://localhost/microposts]


Processing MicropostsController#show (for 127.0.0.1 at 2010-07-23 17:10:29) [GET]
  Parameters: {"id"=>"3"}
  [4;36;1mMicropost Load (0.5ms)[0m   [0;1mSELECT * FROM "microposts" WHERE ("microposts"."id" = 3) [0m
Rendering template within layouts/microposts
Rendering microposts/show
Completed in 19ms (View: 5, DB: 1) | 200 OK [http://localhost/microposts/3]


Processing MicropostsController#index (for 127.0.0.1 at 2010-07-23 17:10:31) [GET]
  [4;35;1mMicropost Load (0.8ms)[0m   [0mSELECT * FROM "microposts" [0m
Rendering template within layouts/microposts
Rendering microposts/index
Completed in 37ms (View: 22, DB: 1) | 200 OK [http://localhost/microposts]
  [4;36;1mSQL (0.4ms)[0m   [0;1m SELECT name
 FROM sqlite_master
 WHERE type = 'table' AND NOT name = 'sqlite_sequence'
[0m
  [4;36;1mUser Load (9.2ms)[0m   [0;1mSELECT * FROM "users" LIMIT 1[0m
  [4;35;1mUser Load (0.4ms)[0m   [0mSELECT * FROM "users" ORDER BY users.id DESC LIMIT 1[0m
  [4;36;1mUser Load (0.4ms)[0m   [0;1mSELECT * FROM "users" LIMIT 1[0m
  [4;35;1mMicropost Load (0.5ms)[0m   [0mSELECT * FROM "microposts" WHERE ("microposts".user_id = 1) [0m
